2019-05-05 17:51:40,939 [FormulaireConnexion.java:http-nio-8080-exec-179:49] - L'utilisateur : user vient de se connecter - Adresse IP : 0:0:0:0:0:0:0:1
2019-05-05 18:30:36,411 [FormulaireConnexion.java:http-nio-8080-exec-201:62] - L'utilisateur n°34 : user vient de se connecter - Adresse IP : 0:0:0:0:0:0:0:1
2019-05-05 20:59:13,122 [FormulaireConnexion.java:http-nio-8080-exec-225:72] - L'utilisateur n°34 : user vient de se connecter - Adresse IP : 0:0:0:0:0:0:0:1
2019-05-05 21:47:17,715 [FormulaireConnexion.java:http-nio-8080-exec-237:72] - L'utilisateur n°34 : user vient de se connecter - Adresse IP : 0:0:0:0:0:0:0:1
2019-05-05 23:04:26,706 [FormulaireConnexion.java:http-nio-8080-exec-43:71] - L'utilisateur n°34 : user vient de se deconnecter - Adresse IP : 0:0:0:0:0:0:0:1
2019-05-05 23:07:01,534 [FormulaireConnexion.java:http-nio-8080-exec-57:72] - L'utilisateur n°34 : user vient de se connecter - Adresse IP : 0:0:0:0:0:0:0:1
2019-05-05 23:07:03,272 [               Deco.java:http-nio-8080-exec-58:64] - L'utilisateur n°0 : null vient de se deconnecter - Adresse IP : 0:0:0:0:0:0:0:1
2019-05-05 23:13:21,584 [FormulaireConnexion.java:http-nio-8080-exec-62:72] - L'utilisateur n°34 : user vient de se connecter - Adresse IP : 0:0:0:0:0:0:0:1
2019-05-05 23:13:23,024 [               Deco.java:http-nio-8080-exec-65:66] - L'utilisateur n°0 : null vient de se deconnecter - Adresse IP : 0:0:0:0:0:0:0:1
2019-05-05 23:15:36,317 [FormulaireConnexion.java:http-nio-8080-exec-79:72] - L'utilisateur n°34 : user vient de se connecter - Adresse IP : 0:0:0:0:0:0:0:1
2019-05-05 23:15:37,038 [               Deco.java:http-nio-8080-exec-74:65] - L'utilisateur n°0 : null vient de se deconnecter - Adresse IP : 0:0:0:0:0:0:0:1
2019-05-05 23:17:08,882 [FormulaireConnexion.java:http-nio-8080-exec-81:72] - L'utilisateur n°34 : user vient de se connecter - Adresse IP : 0:0:0:0:0:0:0:1
2019-05-05 23:17:10,180 [               Deco.java:http-nio-8080-exec-84:65] - L'utilisateur n°0 : null vient de se deconnecter - Adresse IP : 0:0:0:0:0:0:0:1
2019-05-05 23:19:36,349 [FormulaireConnexion.java:http-nio-8080-exec-96:72] - L'utilisateur n°34 : user vient de se connecter - Adresse IP : 0:0:0:0:0:0:0:1
2019-05-05 23:19:37,880 [               Deco.java:http-nio-8080-exec-94:66] - L'utilisateur n°0 : null vient de se deconnecter - Adresse IP : 0:0:0:0:0:0:0:1
2019-05-05 23:26:18,392 [FormulaireConnexion.java:http-nio-8080-exec-101:72] - L'utilisateur n°34 : user vient de se connecter - Adresse IP : 0:0:0:0:0:0:0:1
2019-05-05 23:26:19,125 [               Deco.java:http-nio-8080-exec-102:67] - L'utilisateur n°34 : user vient de se deconnecter - Adresse IP : 0:0:0:0:0:0:0:1
2019-05-06 00:02:33,378 [FormulaireConnexion.java:http-nio-8080-exec-1:71] - L'utilisateur n°0 : admin1 vient de se connecter - Adresse IP : 0:0:0:0:0:0:0:1
2019-05-06 08:11:24,578 [FormulaireConnexion.java:http-nio-8080-exec-14:71] - L'utilisateur n°36 : user1 vient de se connecter - Adresse IP : 0:0:0:0:0:0:0:1
2019-05-06 08:11:25,928 [               Deco.java:http-nio-8080-exec-15:66] - L'utilisateur n°36 : user1 vient de se deconnecter - Adresse IP : 0:0:0:0:0:0:0:1
2019-05-06 08:12:11,546 [FormulaireConnexion.java:http-nio-8080-exec-19:71] - L'utilisateur n°0 : admin1 vient de se connecter - Adresse IP : 0:0:0:0:0:0:0:1
2019-05-06 08:12:15,447 [FormulaireConnexion.java:http-nio-8080-exec-20:71] - L'utilisateur n°0 : admin5 vient de se connecter - Adresse IP : 0:0:0:0:0:0:0:1
2019-05-06 08:13:45,530 [FormulaireConnexion.java:http-nio-8080-exec-20:71] - L'utilisateur n°0 : admin1 vient de se connecter - Adresse IP : 0:0:0:0:0:0:0:1
2019-05-06 08:14:00,506 [FormulaireConnexion.java:http-nio-8080-exec-19:71] - L'utilisateur n°34 : user vient de se connecter - Adresse IP : 0:0:0:0:0:0:0:1
2019-05-06 08:14:01,571 [               Deco.java:http-nio-8080-exec-11:66] - L'utilisateur n°34 : user vient de se deconnecter - Adresse IP : 0:0:0:0:0:0:0:1
