2019-05-05 17:51:51,312 [    logTransactions.java:http-nio-8080-exec-182:24] - -----------------------------------Nouvel enregistrement------------------------------------------
2019-05-05 17:51:51,313 [    logTransactions.java:http-nio-8080-exec-182:25] - Login -- Moyen -- Date de Transaction -- Montant -- Description
2019-05-05 17:51:51,313 [    logTransactions.java:http-nio-8080-exec-182:28] - COMPTE COURANT -- ESPECE -- 03-05-2019 16:30:41 -- 200 -- Aucune description
2019-05-05 17:51:51,313 [    logTransactions.java:http-nio-8080-exec-182:28] - COMPTE EPARGNE -- VIREMENT -- 03-05-2019 16:30:50 -- 50 -- Aucune description
2019-05-05 17:51:51,319 [    logTransactions.java:http-nio-8080-exec-182:28] - CHABAL -- VIREMENT -- 03-05-2019 16:33:16 -- 10 -- MCDO
2019-05-05 17:51:51,319 [    logTransactions.java:http-nio-8080-exec-182:28] - COMPTE COURANT -- VIR INTERNE DEPUIS EPARNGE -- 03-05-2019 16:34:49 -- 10 -- VIREMENT EPARGNE
2019-05-05 17:51:51,319 [    logTransactions.java:http-nio-8080-exec-182:28] - CHABAL -- VIREMENT -- 04-05-2019 15:33:57 -- 25 -- TEST LOG
2019-05-05 22:02:44,858 [    logTransactions.java:http-nio-8080-exec-11:24] - -----------------------------------Nouvel enregistrement------------------------------------------
2019-05-05 22:02:44,875 [    logTransactions.java:http-nio-8080-exec-11:25] - Login -- Moyen -- Date de Transaction -- Montant -- Description
2019-05-05 22:02:44,875 [    logTransactions.java:http-nio-8080-exec-11:28] - COMPTE COURANT -- ESPECE -- 03-05-2019 16:30:41 -- 200 -- Aucune description
2019-05-05 22:02:44,876 [    logTransactions.java:http-nio-8080-exec-11:28] - COMPTE EPARGNE -- VIREMENT -- 03-05-2019 16:30:50 -- 50 -- Aucune description
2019-05-05 22:02:44,876 [    logTransactions.java:http-nio-8080-exec-11:28] - CHABAL -- VIREMENT -- 03-05-2019 16:33:16 -- 10 -- MCDO
2019-05-05 22:02:44,876 [    logTransactions.java:http-nio-8080-exec-11:28] - COMPTE COURANT -- VIR INTERNE DEPUIS EPARNGE -- 03-05-2019 16:34:49 -- 10 -- VIREMENT EPARGNE
2019-05-05 22:02:44,876 [    logTransactions.java:http-nio-8080-exec-11:28] - CHABAL -- VIREMENT -- 04-05-2019 15:33:57 -- 25 -- TEST LOG
2019-05-05 22:23:52,391 [    logTransactions.java:http-nio-8080-exec-44:24] - -----------------------------------Nouvel enregistrement------------------------------------------
2019-05-05 22:23:52,401 [    logTransactions.java:http-nio-8080-exec-44:25] - Login -- Moyen -- Date de Transaction -- Montant -- Description
2019-05-05 22:23:52,401 [    logTransactions.java:http-nio-8080-exec-44:28] - COMPTE COURANT -- ESPECE -- 03-05-2019 16:30:41 -- 200 -- Aucune description
2019-05-05 22:23:52,401 [    logTransactions.java:http-nio-8080-exec-44:28] - COMPTE EPARGNE -- VIREMENT -- 03-05-2019 16:30:50 -- 50 -- Aucune description
2019-05-05 22:23:52,401 [    logTransactions.java:http-nio-8080-exec-44:28] - CHABAL -- VIREMENT -- 03-05-2019 16:33:16 -- 10 -- MCDO
2019-05-05 22:23:52,401 [    logTransactions.java:http-nio-8080-exec-44:28] - COMPTE COURANT -- VIR INTERNE DEPUIS EPARNGE -- 03-05-2019 16:34:49 -- 10 -- VIREMENT EPARGNE
2019-05-05 22:23:52,401 [    logTransactions.java:http-nio-8080-exec-44:28] - CHABAL -- VIREMENT -- 04-05-2019 15:33:57 -- 25 -- TEST LOG
2019-05-05 22:23:59,637 [    logTransactions.java:http-nio-8080-exec-46:24] - -----------------------------------Nouvel enregistrement------------------------------------------
2019-05-05 22:23:59,640 [    logTransactions.java:http-nio-8080-exec-46:25] - Login -- Moyen -- Date de Transaction -- Montant -- Description
2019-05-05 22:23:59,640 [    logTransactions.java:http-nio-8080-exec-46:28] - COMPTE COURANT -- ESPECE -- 03-05-2019 16:30:41 -- 200 -- Aucune description
2019-05-05 22:23:59,640 [    logTransactions.java:http-nio-8080-exec-46:28] - COMPTE EPARGNE -- VIREMENT -- 03-05-2019 16:30:50 -- 50 -- Aucune description
2019-05-05 22:23:59,640 [    logTransactions.java:http-nio-8080-exec-46:28] - CHABAL -- VIREMENT -- 03-05-2019 16:33:16 -- 10 -- MCDO
2019-05-05 22:23:59,640 [    logTransactions.java:http-nio-8080-exec-46:28] - COMPTE COURANT -- VIR INTERNE DEPUIS EPARNGE -- 03-05-2019 16:34:49 -- 10 -- VIREMENT EPARGNE
2019-05-05 22:23:59,640 [    logTransactions.java:http-nio-8080-exec-46:28] - CHABAL -- VIREMENT -- 04-05-2019 15:33:57 -- 25 -- TEST LOG
